

==============================
START
==============================


name: jiangwanyue ; id: 01 ; cond: int


2018-06-22 10:14:17.610380 

2018-06-22 10:14:21.760380
2018-06-22 10:33:38.701380 

2018-06-22 10:33:40.801380
==============================
END
==============================

==============================
START
==============================


name: jiangwnayue ; id: 01 ; cond: scr


2018-06-22 10:35:20.868380 

2018-06-22 10:35:25.018380
2018-06-22 10:53:39.280380 

2018-06-22 10:53:41.380380
==============================
END
==============================


==============================
START
==============================


name: wuhui ; id: 02 ; cond: int


2018-06-26 13:02:52.642453 

2018-06-26 13:02:56.792038
2018-06-26 13:22:42.319474 

2018-06-26 13:22:44.419264
==============================
END
==============================


==============================
START
==============================


name: wuhui ; id: 02 ; cond: scr


2018-06-26 13:27:10.933610 

2018-06-26 13:27:15.083195
2018-06-26 13:48:07.730355 

2018-06-26 13:48:09.830355
==============================
END
==============================

==============================
START
==============================


name: yangkaiyuan ; id: 03 ; cond: scr


2018-06-26 14:21:53.985934 

2018-06-26 14:21:58.135934
2018-06-26 14:41:53.478934 

2018-06-26 14:41:55.579934
==============================
END
==============================

==============================
START
==============================


name: yangkaiyuan ; id: 03 ; cond: int


2018-06-26 14:42:39.282934 

2018-06-26 14:42:43.433934
2018-06-26 15:02:37.640934 

2018-06-26 15:02:39.742934
==============================
END
==============================

==============================
START
==============================


name: liangyingyin ; id: 04 ; cond: scr


2018-06-26 17:06:50.483083 

2018-06-26 17:06:54.633320
2018-06-26 17:26:12.024519 

2018-06-26 17:26:14.125639
==============================
END
==============================

==============================
START
==============================


name: liangyingyin ; id: 04 ; cond: int


2018-06-26 17:28:41.083950 

2018-06-26 17:28:45.235187
2018-06-26 17:46:13.285132 

2018-06-26 17:46:15.385252
==============================
END
==============================

==============================

==============================
START
==============================


name: pengjing ; id: 05 ; cond: int


2018-06-26 18:25:28.944971 

2018-06-26 18:25:33.095208
2018-06-26 18:43:12.719815 

2018-06-26 18:43:14.820936
==============================
END
==============================

==============================
START
==============================


name: pengjing ; id: 05 ; cond: scr


2018-06-26 18:44:07.537951 

2018-06-26 18:44:11.688188
2018-06-26 19:00:14.319248 

2018-06-26 19:00:16.419368
==============================
END
==============================

==============================
START
==============================


name: zhouxinqi ; id: 06 ; cond: int


2018-06-28 10:09:56.342341 

2018-06-28 10:10:00.492756
2018-06-28 10:26:44.908187 

2018-06-28 10:26:47.008398
==============================
END
==============================

==============================
START
==============================


name: zhouxinqi ; id: 06 ; cond: scr


2018-06-28 10:28:12.821978 

2018-06-28 10:28:16.972393
2018-06-28 10:44:54.945180 

2018-06-28 10:44:57.045390
==============================
END
==============================

==============================

==============================
START
==============================


name: huangdongbin ; id: 07 ; cond: scr


2018-06-28 17:26:08.201789 

2018-06-28 17:26:12.351374
2018-06-28 17:46:33.231274 

2018-06-28 17:46:35.332064
==============================
END
==============================

==============================
START
==============================


name: huangdongbin ; id: 07 ; cond: int


2018-06-28 17:48:13.634233 

2018-06-28 17:48:17.783818
2018-06-28 18:15:12.331347 

2018-06-28 18:15:14.432137
==============================
END
==============================

==============================
START
==============================


name: qianyanchao ; id: 08 ; cond: scr


2018-06-28 19:15:49.122396 

2018-06-28 19:15:53.273981
2018-06-28 19:36:20.167279 

2018-06-28 19:36:22.267069
==============================
END
==============================

==============================
START
==============================


name: qianyanchao ; id: 08 ; cond: int


2018-06-28 19:37:52.970998 

2018-06-28 19:37:57.120583
2018-06-28 19:54:46.294656 

2018-06-28 19:54:48.395445
==============================
END
==============================

